<?xml version="1.0" encoding="UTF-8"?>
<!-- Generated by org.testng.reporters.JUnitReportReporter -->
<testsuite skipped="0" hostname="DELL-PC" name="package1.M3" tests="1" failures="0" timestamp="2020-02-09T21:26:00 IST" time="4.049" errors="0">
  <testcase name="AddandDeletePlace" time="4.049" classname="package1.M3"/>
</testsuite> <!-- package1.M3 -->
