<?xml version="1.0" encoding="UTF-8"?>
<!-- Generated by org.testng.reporters.JUnitReportReporter -->
<testsuite skipped="0" hostname="DELL-PC" name="jira.M1" tests="1" failures="0" timestamp="2019-10-07T16:18:12 IST" time="3.763" errors="0">
  <testcase name="JiraAPI" time="3.763" classname="jira.M1"/>
</testsuite> <!-- jira.M1 -->
