<?xml version="1.0" encoding="UTF-8"?>
<!-- Generated by org.testng.reporters.JUnitReportReporter -->
<testsuite skipped="0" hostname="DELL-PC" name="package1.M5JsonRespValidation" tests="1" failures="0" timestamp="2020-02-10T15:30:57 IST" time="5.251" errors="0">
  <testcase name="Test" time="5.251" classname="package1.M5JsonRespValidation"/>
</testsuite> <!-- package1.M5JsonRespValidation -->
