<?xml version="1.0" encoding="UTF-8"?>
<!-- Generated by org.testng.reporters.JUnitReportReporter -->
<testsuite skipped="0" hostname="DELL-PC" name="jira.M2AddComment" tests="1" failures="0" timestamp="2019-10-07T18:04:46 IST" time="2.945" errors="0">
  <testcase name="addComment" time="2.945" classname="jira.M2AddComment"/>
</testsuite> <!-- jira.M2AddComment -->
