<?xml version="1.0" encoding="UTF-8"?>
<!-- Generated by org.testng.reporters.JUnitReportReporter -->
<testsuite skipped="0" hostname="DELL-PC" name="pet.PetTestSuite" tests="1" failures="0" timestamp="2020-03-19T10:00:21 IST" time="7.848" errors="0">
  <testcase name="postPetId_POST" time="7.848" classname="pet.PetTestSuite"/>
</testsuite> <!-- pet.PetTestSuite -->
