<?xml version="1.0" encoding="UTF-8"?>
<!-- Generated by org.testng.reporters.JUnitReportReporter -->
<testsuite skipped="0" hostname="DELL-PC" name="package101.M3" tests="1" failures="0" timestamp="2020-03-05T15:20:31 IST" time="6.177" errors="0">
  <testcase name="tc03" time="6.177" classname="package101.M3"/>
</testsuite> <!-- package101.M3 -->
