<?xml version="1.0" encoding="UTF-8"?>
<!-- Generated by org.testng.reporters.JUnitReportReporter -->
<testsuite skipped="0" hostname="DELL-PC" name="jira.M1CreateIssue" tests="1" failures="0" timestamp="2019-10-07T17:28:49 IST" time="10.918" errors="0">
  <testcase name="JiraAPI" time="10.918" classname="jira.M1CreateIssue"/>
</testsuite> <!-- jira.M1CreateIssue -->
