<?xml version="1.0" encoding="UTF-8"?>
<!-- Generated by org.testng.reporters.JUnitReportReporter -->
<testsuite skipped="0" hostname="DELL-PC" name="parameterize.DynamicJson" tests="3" failures="0" timestamp="2020-03-06T12:22:44 IST" time="3.399" errors="0">
  <testcase name="addBook" time="2.980" classname="parameterize.DynamicJson"/>
  <testcase name="addBook" time="0.197" classname="parameterize.DynamicJson"/>
  <testcase name="addBook" time="0.222" classname="parameterize.DynamicJson"/>
</testsuite> <!-- parameterize.DynamicJson -->
