<?xml version="1.0" encoding="UTF-8"?>
<!-- Generated by org.testng.reporters.JUnitReportReporter -->
<testsuite skipped="0" hostname="DELL-PC" name="package102.M3" tests="1" failures="0" timestamp="2020-03-16T21:37:17 IST" time="4.771" errors="0">
  <testcase name="tc03AddGetDeleteplace" time="4.771" classname="package102.M3"/>
</testsuite> <!-- package102.M3 -->
