<?xml version="1.0" encoding="UTF-8"?>
<!-- Generated by org.testng.reporters.JUnitReportReporter -->
<testsuite skipped="0" hostname="DELL-PC" name="parameterize.StaticJson" tests="1" failures="0" timestamp="2020-03-06T12:21:46 IST" time="3.314" errors="0">
  <testcase name="addBook" time="3.314" classname="parameterize.StaticJson"/>
</testsuite> <!-- parameterize.StaticJson -->
