<?xml version="1.0" encoding="UTF-8"?>
<!-- Generated by org.testng.reporters.JUnitReportReporter -->
<testsuite skipped="0" hostname="DELL-PC" name="package102.M1" tests="1" failures="0" timestamp="2020-03-16T20:10:39 IST" time="4.089" errors="0">
  <testcase name="tc05AddAndDeletePlace" time="4.089" classname="package102.M1"/>
</testsuite> <!-- package102.M1 -->
