<?xml version="1.0" encoding="UTF-8"?>
<!-- Generated by org.testng.reporters.JUnitReportReporter -->
<testsuite skipped="0" hostname="DELL-PC" name="package101.M4" tests="1" failures="0" timestamp="2020-03-05T16:18:42 IST" time="3.510" errors="0">
  <testcase name="tc04" time="3.510" classname="package101.M4"/>
</testsuite> <!-- package101.M4 -->
