<?xml version="1.0" encoding="UTF-8"?>
<!-- Generated by org.testng.reporters.JUnitReportReporter -->
<testsuite skipped="0" hostname="DELL-PC" name="package101.M2" tests="1" failures="0" timestamp="2020-03-05T14:57:32 IST" time="4.520" errors="0">
  <testcase name="tc02" time="4.520" classname="package101.M2"/>
</testsuite> <!-- package101.M2 -->
