<?xml version="1.0" encoding="UTF-8"?>
<!-- Generated by org.testng.reporters.JUnitReportReporter -->
<testsuite skipped="0" hostname="DELL-PC" name="package1.M2" tests="1" failures="0" timestamp="2020-02-23T09:32:04 IST" time="3.359" errors="0">
  <testcase name="postData" time="3.359" classname="package1.M2"/>
</testsuite> <!-- package1.M2 -->
