<?xml version="1.0" encoding="UTF-8"?>
<!-- Generated by org.testng.reporters.JUnitReportReporter -->
<testsuite skipped="0" hostname="DELL-PC" name="parameterize.ExcelDrive" tests="1" failures="0" timestamp="2019-10-06T11:29:25 IST" time="2.715" errors="0">
  <testcase name="addBook" time="2.715" classname="parameterize.ExcelDrive"/>
</testsuite> <!-- parameterize.ExcelDrive -->
