<?xml version="1.0" encoding="UTF-8"?>
<!-- Generated by org.testng.reporters.JUnitReportReporter -->
<testsuite skipped="0" hostname="DELL-PC" name="test.TestCaseM3" tests="6" failures="0" timestamp="2019-09-22T15:29:38 IST" time="0.000" errors="0">
  <testcase name="MobileLoan" time="0.000" classname="test.TestCaseM3"/>
  <testcase name="MobileLoginCarLoan" time="0.000" classname="test.TestCaseM3"/>
  <testcase name="MobileSignoutCarLoan" time="0.000" classname="test.TestCaseM3"/>
  <testcase name="LoginAPICarLoan" time="0.000" classname="test.TestCaseM3"/>
  <testcase name="WebloginCarLoan" time="0.000" classname="test.TestCaseM3"/>
  <testcase name="MobileSigninCarLoan" time="0.000" classname="test.TestCaseM3"/>
</testsuite> <!-- test.TestCaseM3 -->
