<?xml version="1.0" encoding="UTF-8"?>
<!-- Generated by org.testng.reporters.JUnitReportReporter -->
<testsuite skipped="0" hostname="DELL-PC" name="globalEnvironmentVariableSetUP.DependencyAnnotation" tests="2" failures="0" timestamp="2019-09-23T08:41:39 IST" time="19.849" errors="0">
  <testcase name="OpeningBrowser" time="10.309" classname="globalEnvironmentVariableSetUP.DependencyAnnotation"/>
  <testcase name="Login" time="9.540" classname="globalEnvironmentVariableSetUP.DependencyAnnotation"/>
</testsuite> <!-- globalEnvironmentVariableSetUP.DependencyAnnotation -->
