<?xml version="1.0" encoding="UTF-8"?>
<!-- Generated by org.testng.reporters.JUnitReportReporter -->
<testsuite skipped="0" hostname="DELL-PC" name="test.dependsOnMethods" tests="8" failures="0" timestamp="2019-09-22T08:26:22 IST" time="0.025" errors="0">
  <testcase name="Activation" time="0.001" classname="test.dependsOnMethods"/>
  <testcase name="userProfileManagement" time="0.001" classname="test.dependsOnMethods"/>
  <testcase name="billingHistory" time="0.002" classname="test.dependsOnMethods"/>
  <testcase name="productCatlogue" time="0.002" classname="test.dependsOnMethods"/>
  <testcase name="deviceManagement" time="0.001" classname="test.dependsOnMethods"/>
  <testcase name="orderManagement" time="0.015" classname="test.dependsOnMethods"/>
  <testcase name="subscription" time="0.001" classname="test.dependsOnMethods"/>
  <testcase name="charging" time="0.002" classname="test.dependsOnMethods"/>
</testsuite> <!-- test.dependsOnMethods -->
