<?xml version="1.0" encoding="UTF-8"?>
<!-- Generated by org.testng.reporters.JUnitReportReporter -->
<testsuite skipped="2" hostname="DELL-PC" name="test.helpAttributeEnable" tests="8" failures="0" timestamp="2019-09-22T08:35:55 IST" time="0.022" errors="0">
  <testcase name="charging" time="0.001" classname="test.helpAttributeEnable"/>
  <testcase name="deviceManagement" time="0.001" classname="test.helpAttributeEnable"/>
  <testcase name="userProfileManagement" time="0.001" classname="test.helpAttributeEnable"/>
  <testcase name="subscription" time="0.002" classname="test.helpAttributeEnable"/>
  <testcase name="Activation" time="0.013" classname="test.helpAttributeEnable"/>
  <testcase name="orderManagement" time="0.004" classname="test.helpAttributeEnable"/>
  <testcase name="billingHistory" classname="test.helpAttributeEnable">
    <skipped/>
  </testcase> <!-- billingHistory -->
  <testcase name="productCatlogue" classname="test.helpAttributeEnable">
    <skipped/>
  </testcase> <!-- productCatlogue -->
</testsuite> <!-- test.helpAttributeEnable -->
