<?xml version="1.0" encoding="UTF-8"?>
<!-- Generated by org.testng.reporters.JUnitReportReporter -->
<testsuite skipped="0" hostname="DELL-PC" name="test.helpAttribute_dependsOnMethodsTC05" tests="8" failures="0" timestamp="2019-09-22T15:29:38 IST" time="0.010" errors="0">
  <testcase name="charging" time="0.000" classname="test.helpAttribute_dependsOnMethodsTC05"/>
  <testcase name="orderManagement" time="0.010" classname="test.helpAttribute_dependsOnMethodsTC05"/>
  <testcase name="userProfileManagement" time="0.000" classname="test.helpAttribute_dependsOnMethodsTC05"/>
  <testcase name="subscription" time="0.000" classname="test.helpAttribute_dependsOnMethodsTC05"/>
  <testcase name="productCatlogue" time="0.000" classname="test.helpAttribute_dependsOnMethodsTC05"/>
  <testcase name="billingHistory" time="0.000" classname="test.helpAttribute_dependsOnMethodsTC05"/>
  <testcase name="Activation" time="0.000" classname="test.helpAttribute_dependsOnMethodsTC05"/>
  <testcase name="deviceManagement" time="0.000" classname="test.helpAttribute_dependsOnMethodsTC05"/>
</testsuite> <!-- test.helpAttribute_dependsOnMethodsTC05 -->
