<?xml version="1.0" encoding="UTF-8"?>
<!-- Generated by org.testng.reporters.JUnitReportReporter -->
<testsuite skipped="0" hostname="DELL-PC" name="test.TestCaseM1" tests="2" failures="0" timestamp="2019-09-22T15:29:38 IST" time="0.000" errors="0">
  <testcase name="test2" time="0.000" classname="test.TestCaseM1"/>
  <testcase name="test1" time="0.000" classname="test.TestCaseM1"/>
</testsuite> <!-- test.TestCaseM1 -->
