<?xml version="1.0" encoding="UTF-8"?>
<!-- Generated by org.testng.reporters.JUnitReportReporter -->
<testsuite skipped="0" hostname="DELL-PC" name="test.TestCaseM4" tests="3" failures="0" timestamp="2019-09-22T15:29:38 IST" time="0.000" errors="0">
  <testcase name="WebloginHomeLoan" time="0.000" classname="test.TestCaseM4"/>
  <testcase name="MobileLoginHomeLoan" time="0.000" classname="test.TestCaseM4"/>
  <testcase name="LoginAPIHomeoan" time="0.000" classname="test.TestCaseM4"/>
</testsuite> <!-- test.TestCaseM4 -->
