<?xml version="1.0" encoding="UTF-8"?>
<!-- Generated by org.testng.reporters.JUnitReportReporter -->
<testsuite skipped="0" hostname="DELL-PC" name="test.helpAttributeTimeOut" tests="8" failures="0" timestamp="2019-09-22T08:42:20 IST" time="0.052" errors="0">
  <testcase name="billingHistory" time="0.002" classname="test.helpAttributeTimeOut"/>
  <testcase name="charging" time="0.003" classname="test.helpAttributeTimeOut"/>
  <testcase name="productCatlogue" time="0.001" classname="test.helpAttributeTimeOut"/>
  <testcase name="userProfileManagement" time="0.001" classname="test.helpAttributeTimeOut"/>
  <testcase name="subscription" time="0.023" classname="test.helpAttributeTimeOut"/>
  <testcase name="orderManagement" time="0.001" classname="test.helpAttributeTimeOut"/>
  <testcase name="Activation" time="0.017" classname="test.helpAttributeTimeOut"/>
  <testcase name="deviceManagement" time="0.004" classname="test.helpAttributeTimeOut"/>
</testsuite> <!-- test.helpAttributeTimeOut -->
