<?xml version="1.0" encoding="UTF-8"?>
<!-- Generated by org.testng.reporters.JUnitReportReporter -->
<testsuite skipped="0" hostname="DELL-PC" name="globalEnvironmentVariableSetUP.Login" tests="1" failures="0" timestamp="2019-09-23T08:22:16 IST" time="15.161" errors="0">
  <testcase name="FirstLogin" time="15.161" classname="globalEnvironmentVariableSetUP.Login"/>
</testsuite> <!-- globalEnvironmentVariableSetUP.Login -->
